<?xml version="1.0" encoding="UTF-8"?>
<!-- Generated by org.testng.reporters.JUnitReportReporter -->
<testsuite hostname="DESKTOP-AIQJ01R" failures="0" tests="3" name="Sample_Test.Sample_Test.SampleTestCase" time="36.989" errors="0" timestamp="14 Mar 2020 10:53:42 GMT" skipped="0">
  <testcase classname="Sample_Test.Sample_Test.SampleTestCase" name="personalInformation" time="0.808"/>
  <testcase classname="Sample_Test.Sample_Test.SampleTestCase" name="Test1" time="35.580"/>
  <testcase classname="Sample_Test.Sample_Test.SampleTestCase" name="personalInformation" time="0.601"/>
</testsuite> <!-- Sample_Test.Sample_Test.SampleTestCase -->
